<?xml version="1.0" encoding="UTF-8"?>
<!-- Generated by org.testng.reporters.JUnitXMLReporter -->
<testsuite ignored="0" hostname="Albuelena" failures="0" tests="3" name="Default test" time="21.294" errors="0" timestamp="2023-03-23T21:39:05 EET">
  <testcase classname="curs10.SeleniumLocators2" name="idLocator" time="4.373"/>
  <testcase classname="curs10.SeleniumLocators2" name="cssLocator" time="0.484"/>
  <testcase classname="curs10.SeleniumLocators2" name="xpathLocator" time="0.446"/>
</testsuite> <!-- Default test -->
