<?xml version="1.0" encoding="UTF-8"?>
<testng-results ignored="0" total="1" passed="1" failed="0" skipped="0">
  <reporter-output>
  </reporter-output>
  <suite started-at="2023-03-27T21:40:48 EEST" name="Default suite" finished-at="2023-03-27T21:41:14 EEST" duration-ms="25302">
    <groups>
    </groups>
    <test started-at="2023-03-27T21:40:48 EEST" name="Default test" finished-at="2023-03-27T21:41:14 EEST" duration-ms="25302">
      <class name="curs11.JSAlertExample">
        <test-method is-config="true" signature="setup()[pri:0, instance:curs11.JSAlertExample@1ab3a8c8]" started-at="2023-03-27T21:40:48 EEST" name="setup" finished-at="2023-03-27T21:41:01 EEST" duration-ms="12657" status="PASS">
          <reporter-output>
          </reporter-output>
        </test-method> <!-- setup -->
        <test-method signature="simpleJsAlert()[pri:0, instance:curs11.JSAlertExample@1ab3a8c8]" started-at="2023-03-27T21:41:01 EEST" name="simpleJsAlert" finished-at="2023-03-27T21:41:07 EEST" duration-ms="6289" status="PASS">
          <reporter-output>
          </reporter-output>
        </test-method> <!-- simpleJsAlert -->
        <test-method is-config="true" signature="tearDown()[pri:0, instance:curs11.JSAlertExample@1ab3a8c8]" started-at="2023-03-27T21:41:07 EEST" name="tearDown" finished-at="2023-03-27T21:41:14 EEST" duration-ms="6201" status="PASS">
          <reporter-output>
          </reporter-output>
        </test-method> <!-- tearDown -->
      </class> <!-- curs11.JSAlertExample -->
    </test> <!-- Default test -->
  </suite> <!-- Default suite -->
</testng-results>
