<?xml version="1.0" encoding="UTF-8"?>
<testng-results ignored="0" total="1" passed="1" failed="0" skipped="0">
  <reporter-output>
  </reporter-output>
  <suite started-at="2023-03-27T09:51:35 EEST" name="Default suite" finished-at="2023-03-27T09:51:49 EEST" duration-ms="14212">
    <groups>
    </groups>
    <test started-at="2023-03-27T09:51:35 EEST" name="Default test" finished-at="2023-03-27T09:51:49 EEST" duration-ms="14212">
      <class name="curs10.Homework2">
        <test-method is-config="true" signature="setup()[pri:0, instance:curs10.Homework2@1ab3a8c8]" started-at="2023-03-27T09:51:35 EEST" name="setup" finished-at="2023-03-27T09:51:43 EEST" duration-ms="7454" status="PASS">
          <reporter-output>
          </reporter-output>
        </test-method> <!-- setup -->
        <test-method signature="checkBook()[pri:0, instance:curs10.Homework2@1ab3a8c8]" started-at="2023-03-27T09:51:43 EEST" name="checkBook" finished-at="2023-03-27T09:51:44 EEST" duration-ms="1106" status="PASS">
          <reporter-output>
          </reporter-output>
        </test-method> <!-- checkBook -->
        <test-method is-config="true" signature="tearDown()[pri:0, instance:curs10.Homework2@1ab3a8c8]" started-at="2023-03-27T09:51:44 EEST" name="tearDown" finished-at="2023-03-27T09:51:49 EEST" duration-ms="5609" status="PASS">
          <reporter-output>
          </reporter-output>
        </test-method> <!-- tearDown -->
      </class> <!-- curs10.Homework2 -->
    </test> <!-- Default test -->
  </suite> <!-- Default suite -->
</testng-results>
